---------- Date: 2017-04-08 19:28:37 ~ IP : 117.193.84.196 ----------
REQUEST URI : /wedding-crowns
MOD DETAILS:
   modFile   : /home/wowflw3p/public_html/vqmod/xml/Speed-up-site-by-pmb-web-solutions.xml
   id        : Speed up your opencart site by PMBwebsolutions.com
   version   : 1.0.0
   vqmver    : 
   author    : PMB Web Solutions

File Name    : catalog/view/theme/*/template/common/header.tpl(3)
VQModObject::applyMod - SEARCH NOT FOUND (ABORTING MOD): <link href="//fonts.googleapis.com/css?family=Open+Sans:400,400i,300,700" rel="stylesheet" type="text/css" />
----------------------------------------------------------------------


---------- Date: 2017-04-08 19:33:18 ~ IP : 117.193.84.196 ----------
REQUEST URI : /necklace
MOD DETAILS:
   modFile   : /home/wowflw3p/public_html/vqmod/xml/Speed-up-site-by-pmb-web-solutions.xml
   id        : Speed up your opencart site by PMBwebsolutions.com
   version   : 1.0.0
   vqmver    : 
   author    : PMB Web Solutions

File Name    : catalog/view/theme/*/template/common/header.tpl(3)
VQModObject::applyMod - SEARCH NOT FOUND (ABORTING MOD): <link href="//fonts.googleapis.com/css?family=Open+Sans:400,400i,300,700" rel="stylesheet" type="text/css" />
----------------------------------------------------------------------


---------- Date: 2017-04-08 19:38:25 ~ IP : 117.193.84.196 ----------
REQUEST URI : /nailart-stickers
MOD DETAILS:
   modFile   : /home/wowflw3p/public_html/vqmod/xml/Speed-up-site-by-pmb-web-solutions.xml
   id        : Speed up your opencart site by PMBwebsolutions.com
   version   : 1.0.0
   vqmver    : 
   author    : PMB Web Solutions

File Name    : catalog/view/theme/*/template/common/header.tpl(3)
VQModObject::applyMod - SEARCH NOT FOUND (ABORTING MOD): <link href="//fonts.googleapis.com/css?family=Open+Sans:400,400i,300,700" rel="stylesheet" type="text/css" />
----------------------------------------------------------------------


---------- Date: 2017-04-08 19:40:09 ~ IP : 117.193.84.196 ----------
REQUEST URI : /nailart-stickers
MOD DETAILS:
   modFile   : /home/wowflw3p/public_html/vqmod/xml/Speed-up-site-by-pmb-web-solutions.xml
   id        : Speed up your opencart site by PMBwebsolutions.com
   version   : 1.0.0
   vqmver    : 
   author    : PMB Web Solutions

File Name    : catalog/view/theme/*/template/common/header.tpl(3)
VQModObject::applyMod - SEARCH NOT FOUND (ABORTING MOD): <link href="//fonts.googleapis.com/css?family=Open+Sans:400,400i,300,700" rel="stylesheet" type="text/css" />
----------------------------------------------------------------------


---------- Date: 2017-04-08 19:47:30 ~ IP : 117.193.84.196 ----------
REQUEST URI : /pendant-earings
MOD DETAILS:
   modFile   : /home/wowflw3p/public_html/vqmod/xml/Speed-up-site-by-pmb-web-solutions.xml
   id        : Speed up your opencart site by PMBwebsolutions.com
   version   : 1.0.0
   vqmver    : 
   author    : PMB Web Solutions

File Name    : catalog/view/theme/*/template/common/header.tpl(3)
VQModObject::applyMod - SEARCH NOT FOUND (ABORTING MOD): <link href="//fonts.googleapis.com/css?family=Open+Sans:400,400i,300,700" rel="stylesheet" type="text/css" />
----------------------------------------------------------------------


---------- Date: 2017-04-08 19:59:18 ~ IP : 117.193.84.196 ----------
REQUEST URI : /wedding-crowns
MOD DETAILS:
   modFile   : /home/wowflw3p/public_html/vqmod/xml/Speed-up-site-by-pmb-web-solutions.xml
   id        : Speed up your opencart site by PMBwebsolutions.com
   version   : 1.0.0
   vqmver    : 
   author    : PMB Web Solutions

File Name    : catalog/view/theme/*/template/common/header.tpl(3)
VQModObject::applyMod - SEARCH NOT FOUND (ABORTING MOD): <link href="//fonts.googleapis.com/css?family=Open+Sans:400,400i,300,700" rel="stylesheet" type="text/css" />
----------------------------------------------------------------------


